<?xml version="1.0" encoding="UTF-8"?>
<testsuite name="com.gabrielMJr.twaire.physic.units.LengthTest" tests="7" skipped="0" failures="0" errors="0" timestamp="2023-02-16T11:26:26" hostname="localhost" time="0.245">
  <properties/>
  <testcase name="toDecimeterTest()" classname="com.gabrielMJr.twaire.physic.units.LengthTest" time="0.028"/>
  <testcase name="toMeterTest()" classname="com.gabrielMJr.twaire.physic.units.LengthTest" time="0.042"/>
  <testcase name="toHectometerTest()" classname="com.gabrielMJr.twaire.physic.units.LengthTest" time="0.013"/>
  <testcase name="toDecameterTest()" classname="com.gabrielMJr.twaire.physic.units.LengthTest" time="0.009"/>
  <testcase name="toMillimterTest()" classname="com.gabrielMJr.twaire.physic.units.LengthTest" time="0.008"/>
  <testcase name="toCentimeterTest()" classname="com.gabrielMJr.twaire.physic.units.LengthTest" time="0.007"/>
  <testcase name="toKilometerTest()" classname="com.gabrielMJr.twaire.physic.units.LengthTest" time="0.009"/>
  <system-out><![CDATA[]]></system-out>
  <system-err><![CDATA[]]></system-err>
</testsuite>
