<?xml version="1.0" encoding="UTF-8"?>
<testsuite name="com.gabrielMJr.twaire.physic.kinematics.mru.Time5Test" tests="1" skipped="0" failures="0" errors="0" timestamp="2023-02-16T11:26:22" hostname="localhost" time="0.119">
  <properties/>
  <testcase name="time5Test()" classname="com.gabrielMJr.twaire.physic.kinematics.mru.Time5Test" time="0.119"/>
  <system-out><![CDATA[]]></system-out>
  <system-err><![CDATA[]]></system-err>
</testsuite>
