<?xml version="1.0" encoding="UTF-8"?>
<testsuite name="com.gabrielMJr.twaire.physic.kinematics.muv.Acceleration1Test" tests="1" skipped="0" failures="0" errors="0" timestamp="2023-02-16T13:59:17" hostname="localhost" time="0.006">
  <properties/>
  <testcase name="acceleration1Test()" classname="com.gabrielMJr.twaire.physic.kinematics.muv.Acceleration1Test" time="0.006"/>
  <system-out><![CDATA[]]></system-out>
  <system-err><![CDATA[]]></system-err>
</testsuite>
