<?xml version="1.0" encoding="UTF-8"?>
<testsuite name="com.gabrielMJr.twaire.physic.kinematics.muv.Acceleration4Test" tests="1" skipped="0" failures="0" errors="0" timestamp="2023-02-16T11:26:25" hostname="localhost" time="0.013">
  <properties/>
  <testcase name="acceleration4Test()" classname="com.gabrielMJr.twaire.physic.kinematics.muv.Acceleration4Test" time="0.013"/>
  <system-out><![CDATA[]]></system-out>
  <system-err><![CDATA[]]></system-err>
</testsuite>
