<?xml version="1.0" encoding="UTF-8"?>
<testsuite name="com.gabrielMJr.twaire.physic.hydrodynamics.fluidflow.RayTest" tests="1" skipped="0" failures="0" errors="0" timestamp="2023-02-16T11:26:17" hostname="localhost" time="0.027">
  <properties/>
  <testcase name="rayTest()" classname="com.gabrielMJr.twaire.physic.hydrodynamics.fluidflow.RayTest" time="0.027"/>
  <system-out><![CDATA[]]></system-out>
  <system-err><![CDATA[]]></system-err>
</testsuite>
