<?xml version="1.0" encoding="UTF-8"?>
<testsuite name="com.gabrielMJr.twaire.physic.hydrodynamics.fluidflow.Speed2Test" tests="1" skipped="0" failures="0" errors="0" timestamp="2023-02-16T13:59:17" hostname="localhost" time="0.009">
  <properties/>
  <testcase name="speed2Test()" classname="com.gabrielMJr.twaire.physic.hydrodynamics.fluidflow.Speed2Test" time="0.009"/>
  <system-out><![CDATA[]]></system-out>
  <system-err><![CDATA[]]></system-err>
</testsuite>
