<?xml version="1.0" encoding="UTF-8"?>
<testsuite name="com.gabrielMJr.twaire.physic.hydrodynamics.fluidflow.VolumeTest" tests="1" skipped="0" failures="0" errors="0" timestamp="2023-02-16T13:47:14" hostname="localhost" time="0.023">
  <properties/>
  <testcase name="volumeTest()" classname="com.gabrielMJr.twaire.physic.hydrodynamics.fluidflow.VolumeTest" time="0.023"/>
  <system-out><![CDATA[]]></system-out>
  <system-err><![CDATA[]]></system-err>
</testsuite>
