<?xml version="1.0" encoding="UTF-8"?>
<testsuite name="com.gabrielMJr.twaire.physic.kinematics.muv.Displacement1Test" tests="1" skipped="0" failures="0" errors="0" timestamp="2023-02-16T11:26:25" hostname="localhost" time="0.011">
  <properties/>
  <testcase name="displacement1Test()" classname="com.gabrielMJr.twaire.physic.kinematics.muv.Displacement1Test" time="0.011"/>
  <system-out><![CDATA[]]></system-out>
  <system-err><![CDATA[]]></system-err>
</testsuite>
