<?xml version="1.0" encoding="UTF-8"?>
<testsuite name="com.gabrielMJr.twaire.physic.hydrodynamics.fluidflow.VolumeTest" tests="1" skipped="0" failures="0" errors="0" timestamp="2023-02-16T11:26:18" hostname="localhost" time="0.215">
  <properties/>
  <testcase name="volumeTest()" classname="com.gabrielMJr.twaire.physic.hydrodynamics.fluidflow.VolumeTest" time="0.215"/>
  <system-out><![CDATA[]]></system-out>
  <system-err><![CDATA[]]></system-err>
</testsuite>
