<?xml version="1.0" encoding="UTF-8"?>
<testsuite name="com.gabrielMJr.twaire.physic.hydrodynamics.fluidflow.TimeTest" tests="1" skipped="0" failures="0" errors="0" timestamp="2023-02-16T11:26:18" hostname="localhost" time="0.139">
  <properties/>
  <testcase name="timeTest()" classname="com.gabrielMJr.twaire.physic.hydrodynamics.fluidflow.TimeTest" time="0.139"/>
  <system-out><![CDATA[]]></system-out>
  <system-err><![CDATA[]]></system-err>
</testsuite>
