<?xml version="1.0" encoding="UTF-8"?>
<testsuite name="com.gabrielMJr.twaire.physic.kinematics.mru.Displacement4Test" tests="1" skipped="0" failures="0" errors="0" timestamp="2023-02-16T11:26:21" hostname="localhost" time="0.019">
  <properties/>
  <testcase name="displacement4Test()" classname="com.gabrielMJr.twaire.physic.kinematics.mru.Displacement4Test" time="0.019"/>
  <system-out><![CDATA[]]></system-out>
  <system-err><![CDATA[]]></system-err>
</testsuite>
